#
# A fatal error has been detected by the Java Runtime Environment:
#
#  EXCEPTION_ACCESS_VIOLATION (0xc0000005) at pc=0x514c6080, pid=13088, tid=13184
#
# JRE version: Java(TM) SE Runtime Environment (7.0_75-b13) (build 1.7.0_75-b13)
# Java VM: Java HotSpot(TM) Client VM (24.75-b04 mixed mode windows-x86 )
# Problematic frame:
# V  [jvm.dll+0x36080]
#
# Failed to write core dump. Minidumps are not enabled by default on client versions of Windows
#
# If you would like to submit a bug report, please visit:
#   http://bugreport.sun.com/bugreport/crash.jsp
#

---------------  T H R E A D  ---------------

Current thread (0x03b7a400):  JavaThread "JDWP Transport Listener: dt_socket" daemon [_thread_in_vm, id=13184, stack(0x043a0000,0x043f0000)]

siginfo: ExceptionCode=0xc0000005, reading address 0x00000008

Registers:
EAX=0x102abfe0, EBX=0x03b7a400, ECX=0x00000000, EDX=0x00000000
ESP=0x043ef354, EBP=0x043ef358, ESI=0x00000000, EDI=0x659fe15c
EIP=0x514c6080, EFLAGS=0x00010246

Top of Stack: (sp=0x043ef354)
0x043ef354:   03b7a530 043ef380 515529d6 102abfe0
0x043ef364:   659fe15c 03b7a530 659fe174 03b7a400
0x043ef374:   00000000 03b7a530 043ef444 659fe99c
0x043ef384:   659e63b2 03b7a530 102abfe0 00000000
0x043ef394:   043ef3b8 043ef444 03bbbba0 043ef3f4
0x043ef3a4:   03b55d50 043ef3c4 659ebd27 043ef3c4
0x043ef3b4:   043ef3f8 659fe890 65fb5004 65a02c68
0x043ef3c4:   0133ecd0 0000000b 0f000000 00000013 

Instructions: (pc=0x514c6080)
0x514c6060:   8b 0d a4 9c 7c 51 85 c9 7e 05 8b 0c 01 eb 02 33
0x514c6070:   c9 8b 15 a8 9c 7c 51 85 d2 7e 05 8b 04 02 eb 03
0x514c6080:   8b 46 08 85 c0 75 0f 33 c9 50 51 e8 b0 94 15 00
0x514c6090:   83 c4 08 5e 5d c3 8d 4c 4e 0c 50 51 e8 9f 94 15 


Register to memory mapping:

EAX=
[error occurred during error reporting (printing register info), id 0xc0000005]

Stack: [0x043a0000,0x043f0000],  sp=0x043ef354,  free space=316k
Native frames: (J=compiled Java code, j=interpreted, Vv=VM code, C=native code)
V  [jvm.dll+0x36080]
V  [jvm.dll+0xc29d6]


---------------  P R O C E S S  ---------------

Java Threads: ( => current thread )
  0x03b95800 JavaThread "Service Thread" daemon [_thread_blocked, id=12844, stack(0x04440000,0x04490000)]
  0x03b8d800 JavaThread "C1 CompilerThread0" daemon [_thread_blocked, id=11512, stack(0x045f0000,0x04640000)]
  0x03b7f800 JavaThread "JDWP Command Reader" daemon [_thread_in_native, id=10516, stack(0x04580000,0x045d0000)]
  0x03b7dc00 JavaThread "JDWP Event Helper Thread" daemon [_thread_blocked, id=13272, stack(0x041c0000,0x04210000)]
=>0x03b7a400 JavaThread "JDWP Transport Listener: dt_socket" daemon [_thread_in_vm, id=13184, stack(0x043a0000,0x043f0000)]
  0x03b72400 JavaThread "Attach Listener" daemon [_thread_blocked, id=11396, stack(0x03d20000,0x03d70000)]
  0x03b71400 JavaThread "Signal Dispatcher" daemon [_thread_blocked, id=6776, stack(0x019d0000,0x01a20000)]
  0x03b2a400 JavaThread "Finalizer" daemon [_thread_blocked, id=13432, stack(0x03fe0000,0x04030000)]
  0x03b25400 JavaThread "Reference Handler" daemon [_thread_blocked, id=13452, stack(0x03e90000,0x03ee0000)]
  0x0133c800 JavaThread "main" [_thread_blocked, id=12528, stack(0x01a20000,0x01a70000)]

Other Threads:
  0x03b22c00 VMThread [stack: 0x03d80000,0x03dd0000] [id=12960]
  0x03ba7800 WatcherThread [stack: 0x04670000,0x046c0000] [id=10912]

VM state:not at safepoint (normal execution)

VM Mutex/Monitor currently owned by a thread: None

Heap
 def new generation   total 4928K, used 812K [0x10200000, 0x10750000, 0x15750000)
  eden space 4416K,  18% used [0x10200000, 0x102cb320, 0x10650000)
  from space 512K,   0% used [0x10650000, 0x10650000, 0x106d0000)
  to   space 512K,   0% used [0x106d0000, 0x106d0000, 0x10750000)
 tenured generation   total 10944K, used 0K [0x15750000, 0x16200000, 0x20200000)
   the space 10944K,   0% used [0x15750000, 0x15750000, 0x15750200, 0x16200000)
 compacting perm gen  total 12288K, used 1665K [0x20200000, 0x20e00000, 0x24200000)
   the space 12288K,  13% used [0x20200000, 0x203a07d0, 0x203a0800, 0x20e00000)
No shared spaces configured.

Card table byte_map: [0x03a70000,0x03b20000] byte_map_base: 0x039ef000

Polling page: 0x00460000

Code Cache  [0x01a70000, 0x01b08000, 0x03a70000)
 total_blobs=126 nmethods=4 adapters=68 free_code_cache=32189Kb largest_free_block=32962048

Compilation events (8 events):
Event: 0.254 Thread 0x03b8d800    1             java.lang.String::hashCode (55 bytes)
Event: 0.255 Thread 0x03b8d800 nmethod 1 0x01aff948 code [0x01affa40, 0x01affb20]
Event: 0.258 Thread 0x03b8d800    2             java.lang.String::indexOf (70 bytes)
Event: 0.259 Thread 0x03b8d800 nmethod 2 0x01b00088 code [0x01b001a0, 0x01b002ec]
Event: 0.259 Thread 0x03b8d800    3             java.lang.Object::<init> (1 bytes)
Event: 0.259 Thread 0x03b8d800 nmethod 3 0x01b00448 code [0x01b00540, 0x01b005d0]
Event: 0.259 Thread 0x03b8d800    4             java.lang.String::charAt (29 bytes)
Event: 0.259 Thread 0x03b8d800 nmethod 4 0x01b00648 code [0x01b00760, 0x01b0089c]

GC Heap History (0 events):
No events

Deoptimization events (0 events):
No events

Internal exceptions (2 events):
Event: 0.032 Thread 0x0133c800 Threw 0x1020e578 at C:\re\jdk7u75\1940\hotspot\src\share\vm\prims\jni.cpp:3991
Event: 0.259 Thread 0x0133c800 Threw 0x102a6c80 at C:\re\jdk7u75\1940\hotspot\src\share\vm\prims\jvm.cpp:1281

Events (10 events):
Event: 118.188 Executing VM operation: ChangeSingleStep
Event: 118.188 Executing VM operation: ChangeSingleStep done
Event: 118.189 Executing VM operation: ChangeSingleStep
Event: 118.189 Executing VM operation: ChangeSingleStep done
Event: 118.276 Executing VM operation: GetOrSetLocal
Event: 118.276 Executing VM operation: GetOrSetLocal done
Event: 118.276 Executing VM operation: GetOrSetLocal
Event: 118.276 Executing VM operation: GetOrSetLocal done
Event: 118.426 Executing VM operation: GetOrSetLocal
Event: 118.426 Executing VM operation: GetOrSetLocal done


Dynamic libraries:
0x011b0000 - 0x011df000 	G:\javaSE\Java\jdk1.7.0_75\bin\javaw.exe
0x772b0000 - 0x773ec000 	C:\Windows\SYSTEM32\ntdll.dll
0x771d0000 - 0x772a4000 	C:\Windows\system32\kernel32.dll
0x754a0000 - 0x754eb000 	C:\Windows\system32\KERNELBASE.dll
0x75be0000 - 0x75c80000 	C:\Windows\system32\ADVAPI32.dll
0x75810000 - 0x758bc000 	C:\Windows\system32\msvcrt.dll
0x75940000 - 0x75959000 	C:\Windows\SYSTEM32\sechost.dll
0x77050000 - 0x770f2000 	C:\Windows\system32\RPCRT4.dll
0x76f80000 - 0x77049000 	C:\Windows\system32\USER32.dll
0x76070000 - 0x760be000 	C:\Windows\system32\GDI32.dll
0x774d0000 - 0x774da000 	C:\Windows\system32\LPK.dll
0x755d0000 - 0x7566d000 	C:\Windows\system32\USP10.dll
0x73310000 - 0x734ae000 	C:\Windows\WinSxS\x86_microsoft.windows.common-controls_6595b64144ccf1df_6.0.7601.17514_none_41e6975e2bd6f2b2\COMCTL32.dll
0x760c0000 - 0x76117000 	C:\Windows\system32\SHLWAPI.dll
0x773f0000 - 0x7740f000 	C:\Windows\system32\IMM32.DLL
0x77100000 - 0x771cc000 	C:\Windows\system32\MSCTF.dll
0x10000000 - 0x1001c000 	C:\PROGRA~1\COMMON~1\Baidu\BDWEBA~1\20320~1.0\BDEWebAdapterFrame.dll
0x53810000 - 0x538cf000 	G:\javaSE\Java\jdk1.7.0_75\jre\bin\msvcr100.dll
0x51490000 - 0x51819000 	G:\javaSE\Java\jdk1.7.0_75\jre\bin\client\jvm.dll
0x72c10000 - 0x72c17000 	C:\Windows\system32\WSOCK32.dll
0x75ab0000 - 0x75ae5000 	C:\Windows\system32\WS2_32.dll
0x77410000 - 0x77416000 	C:\Windows\system32\NSI.dll
0x71dc0000 - 0x71df2000 	C:\Windows\system32\WINMM.dll
0x774c0000 - 0x774c5000 	C:\Windows\system32\PSAPI.DLL
0x66600000 - 0x6660c000 	G:\javaSE\Java\jdk1.7.0_75\jre\bin\verify.dll
0x65a10000 - 0x65a30000 	G:\javaSE\Java\jdk1.7.0_75\jre\bin\java.dll
0x659e0000 - 0x65a0a000 	G:\javaSE\Java\jdk1.7.0_75\jre\bin\jdwp.dll
0x69530000 - 0x69537000 	G:\javaSE\Java\jdk1.7.0_75\jre\bin\npt.dll
0x659c0000 - 0x659d3000 	G:\javaSE\Java\jdk1.7.0_75\jre\bin\zip.dll
0x65fb0000 - 0x65fb8000 	G:\javaSE\Java\jdk1.7.0_75\jre\bin\dt_socket.dll
0x74620000 - 0x74630000 	C:\Windows\system32\NLAapi.dll
0x74610000 - 0x74620000 	C:\Windows\system32\napinsp.dll
0x745f0000 - 0x74602000 	C:\Windows\system32\pnrpnsp.dll
0x74c80000 - 0x74cbc000 	C:\Windows\System32\mswsock.dll
0x74b40000 - 0x74b84000 	C:\Windows\system32\DNSAPI.dll
0x745e0000 - 0x745e8000 	C:\Windows\System32\winrnr.dll
0x74730000 - 0x7474c000 	C:\Windows\system32\IPHLPAPI.DLL
0x74720000 - 0x74727000 	C:\Windows\system32\WINNSI.DLL
0x72fd0000 - 0x73008000 	C:\Windows\System32\fwpuclnt.dll
0x745c0000 - 0x745c6000 	C:\Windows\system32\rasadhlp.dll
0x74580000 - 0x745b3000 	C:\Users\Public\FunAcce\FunAcce.dll
0x75510000 - 0x7553e000 	C:\Windows\system32\WINTRUST.dll
0x75360000 - 0x75480000 	C:\Windows\system32\CRYPT32.dll
0x752b0000 - 0x752bc000 	C:\Windows\system32\MSASN1.dll
0x74790000 - 0x74799000 	C:\Windows\system32\VERSION.dll
0x76150000 - 0x76d9a000 	C:\Windows\system32\SHELL32.dll
0x75c80000 - 0x75ddc000 	C:\Windows\system32\ole32.dll
0x72d30000 - 0x72d35000 	C:\Windows\System32\wshtcpip.dll
0x73c90000 - 0x73d7b000 	C:\Windows\system32\dbghelp.dll

VM Arguments:
jvm_args: -agentlib:jdwp=transport=dt_socket,suspend=y,address=localhost:57707 -Dfile.encoding=GBK 
java_command: Digui.DiguiDemo2
Launcher Type: SUN_STANDARD

Environment Variables:
JAVA_HOME=G:\javaSE\Java\jdk1.7.0_75
CLASSPATH=G:\javaSE\code;
PATH=G:\javaSE\Java\jdk1.7.0_75\jre\bin;C:/Program Files/Java/jre1.8.0_45/bin/client;C:/Program Files/Java/jre1.8.0_45/bin;C:/Program Files/Java/jre1.8.0_45/lib/i386;C:\ProgramData\Oracle\Java\javapath;G:\javaSE\Java\jdk1.7.0_75\bin;C:\Windows\system32;C:\Windows;C:\Windows\System32\Wbem;C:\Windows\System32\WindowsPowerShell\v1.0\;E:\wamp\bin\php\php5.3.3\;E:\SSH;G:\杜民工作相关\开发软件\eclipse-SDK-3.7.2-win32\eclipse;
USERNAME=Administrator
OS=Windows_NT
PROCESSOR_IDENTIFIER=x86 Family 6 Model 42 Stepping 7, GenuineIntel



---------------  S Y S T E M  ---------------

OS: Windows 7 Build 7601 Service Pack 1

CPU:total 2 (2 cores per cpu, 1 threads per core) family 6 model 42 stepping 7, cmov, cx8, fxsr, mmx, sse, sse2, sse3, ssse3, sse4.1, sse4.2, popcnt, tsc, tscinvbit

Memory: 4k page, physical 3641344k(876980k free), swap 7280936k(3370572k free)

vm_info: Java HotSpot(TM) Client VM (24.75-b04) for windows-x86 JRE (1.7.0_75-b13), built on Dec 18 2014 17:06:46 by "java_re" with unknown MS VC++:1600

time: Tue Sep 01 17:47:03 2015
elapsed time: 118 seconds

